<?xml version="1.0" encoding="UTF-8"?>
<!-- Generated by org.testng.reporters.JUnitXMLReporter -->
<testsuite hostname="DESKTOP-DPFT8P4" ignored="0" name="hub spot Sanity Test" tests="5" failures="0" timestamp="01 Sep 2019 11:46:47 GMT" time="113.716" errors="0">
  <testcase name="loginTest" time="10.356" classname="com.qa.hubspot.tests.LoginTest"/>
  <testcase name="verifyHomePageTitleTest" time="0.396" classname="com.qa.hubspot.tests.HomePageTest"/>
  <testcase name="loginPageTitleTest" time="6.851" classname="com.qa.hubspot.tests.LoginTest"/>
  <testcase name="verifyHomePageHeaderTest" time="0.966" classname="com.qa.hubspot.tests.HomePageTest"/>
  <testcase name="verifyLoggedInUserAccountTest" time="1.487" classname="com.qa.hubspot.tests.HomePageTest"/>
</testsuite> <!-- hub spot Sanity Test -->
