<?xml version="1.0" encoding="UTF-8"?>
<testng-results skipped="0" failed="0" ignored="0" total="1" passed="1">
  <reporter-output>
  </reporter-output>
  <suite name="Default suite" duration-ms="58327" started-at="2019-09-19T06:28:10Z" finished-at="2019-09-19T06:29:09Z">
    <groups>
    </groups>
    <test name="Default test" duration-ms="58327" started-at="2019-09-19T06:28:10Z" finished-at="2019-09-19T06:29:09Z">
      <class name="com.qa.hubspot.tests.LoginPFTest">
        <test-method status="PASS" signature="setup()[pri:0, instance:com.qa.hubspot.tests.LoginPFTest@4b9e13df]" name="setup" is-config="true" duration-ms="46365" started-at="2019-09-19T11:58:10Z" finished-at="2019-09-19T11:58:57Z">
          <reporter-output>
          </reporter-output>
        </test-method> <!-- setup -->
        <test-method status="PASS" signature="loginTest()[pri:0, instance:com.qa.hubspot.tests.LoginPFTest@4b9e13df]" name="loginTest" duration-ms="8188" started-at="2019-09-19T11:58:57Z" finished-at="2019-09-19T11:59:05Z">
          <reporter-output>
          </reporter-output>
        </test-method> <!-- loginTest -->
        <test-method status="PASS" signature="teardown()[pri:0, instance:com.qa.hubspot.tests.LoginPFTest@4b9e13df]" name="teardown" is-config="true" duration-ms="3719" started-at="2019-09-19T11:59:05Z" finished-at="2019-09-19T11:59:09Z">
          <reporter-output>
          </reporter-output>
        </test-method> <!-- teardown -->
      </class> <!-- com.qa.hubspot.tests.LoginPFTest -->
    </test> <!-- Default test -->
  </suite> <!-- Default suite -->
</testng-results>
